<?xml version="1.0" encoding="UTF-8"?>
<!-- Generated by org.testng.reporters.JUnitXMLReporter -->
<testsuite ignored="0" hostname="RODLN125" failures="1" tests="1" name="ModifyItemsInCart" time="0.036" errors="0" timestamp="2023-03-08T09:30:00 EET">
  <testcase classname="com.intend.tests.ModifyCartTests" name="modifyItemInCart" time="0.028">
    <failure type="org.openqa.selenium.NoSuchElementException" message="Unable to locate element: #products-cart-list &amp;gt; ul:nth-child(1) &amp;gt; li:nth-child(2) &amp;gt; div:nth-child(1) &amp;gt; section:nth-child(3) &amp;gt; table:nth-child(1) &amp;gt; tbody:nth-child(1) &amp;gt; tr:nth-child(1) &amp;gt; td:nth-child(4) &amp;gt; a:nth-child(1)
For documentation on this error, please visit: https://selenium.dev/exceptions/#no_such_element
Build info: version: &amp;apos;4.8.1&amp;apos;, revision: &amp;apos;8ebccac989&amp;apos;
System info: os.name: &amp;apos;Windows 10&amp;apos;, os.arch: &amp;apos;amd64&amp;apos;, os.version: &amp;apos;10.0&amp;apos;, java.version: &amp;apos;19.0.1&amp;apos;
Driver info: org.openqa.selenium.firefox.FirefoxDriver
Command: [299886b6-4273-4fe5-8a48-7e9a033f01c3, findElement {using=css selector, value=#products-cart-list &amp;gt; ul:nth-child(1) &amp;gt; li:nth-child(2) &amp;gt; div:nth-child(1) &amp;gt; section:nth-child(3) &amp;gt; table:nth-child(1) &amp;gt; tbody:nth-child(1) &amp;gt; tr:nth-child(1) &amp;gt; td:nth-child(4) &amp;gt; a:nth-child(1)}]
Capabilities {acceptInsecureCerts: true, browserName: firefox, browserVersion: 110.0.1, moz:accessibilityChecks: false, moz:buildID: 20230227191043, moz:debuggerAddress: 127.0.0.1:6407, moz:geckodriverVersion: 0.32.2, moz:headless: false, moz:platformVersion: 10.0, moz:processID: 10128, moz:profile: C:\Users\robert.ban\AppData..., moz:shutdownTimeout: 60000, moz:useNonSpecCompliantPointerOrigin: false, moz:webdriverClick: true, moz:windowless: false, pageLoadStrategy: normal, platformName: WINDOWS, proxy: Proxy(), se:cdp: ws://127.0.0.1:6407/devtool..., se:cdpVersion: 85.0, setWindowRect: true, strictFileInteractability: false, timeouts: {implicit: 0, pageLoad: 300000, script: 30000}, unhandledPromptBehavior: dismiss and notify}
Session ID: 299886b6-4273-4fe5-8a48-7e9a033f01c3">
      <![CDATA[org.openqa.selenium.NoSuchElementException: Unable to locate element: #products-cart-list > ul:nth-child(1) > li:nth-child(2) > div:nth-child(1) > section:nth-child(3) > table:nth-child(1) > tbody:nth-child(1) > tr:nth-child(1) > td:nth-child(4) > a:nth-child(1)
For documentation on this error, please visit: https://selenium.dev/exceptions/#no_such_element
Build info: version: '4.8.1', revision: '8ebccac989'
System info: os.name: 'Windows 10', os.arch: 'amd64', os.version: '10.0', java.version: '19.0.1'
Driver info: org.openqa.selenium.firefox.FirefoxDriver
Command: [299886b6-4273-4fe5-8a48-7e9a033f01c3, findElement {using=css selector, value=#products-cart-list > ul:nth-child(1) > li:nth-child(2) > div:nth-child(1) > section:nth-child(3) > table:nth-child(1) > tbody:nth-child(1) > tr:nth-child(1) > td:nth-child(4) > a:nth-child(1)}]
Capabilities {acceptInsecureCerts: true, browserName: firefox, browserVersion: 110.0.1, moz:accessibilityChecks: false, moz:buildID: 20230227191043, moz:debuggerAddress: 127.0.0.1:6407, moz:geckodriverVersion: 0.32.2, moz:headless: false, moz:platformVersion: 10.0, moz:processID: 10128, moz:profile: C:\Users\robert.ban\AppData..., moz:shutdownTimeout: 60000, moz:useNonSpecCompliantPointerOrigin: false, moz:webdriverClick: true, moz:windowless: false, pageLoadStrategy: normal, platformName: WINDOWS, proxy: Proxy(), se:cdp: ws://127.0.0.1:6407/devtool..., se:cdpVersion: 85.0, setWindowRect: true, strictFileInteractability: false, timeouts: {implicit: 0, pageLoad: 300000, script: 30000}, unhandledPromptBehavior: dismiss and notify}
Session ID: 299886b6-4273-4fe5-8a48-7e9a033f01c3
at org.openqa.selenium.remote.codec.w3c.W3CHttpResponseCodec.createException(W3CHttpResponseCodec.java:200)
at org.openqa.selenium.remote.codec.w3c.W3CHttpResponseCodec.decode(W3CHttpResponseCodec.java:133)
at org.openqa.selenium.remote.codec.w3c.W3CHttpResponseCodec.decode(W3CHttpResponseCodec.java:53)
at org.openqa.selenium.remote.HttpCommandExecutor.execute(HttpCommandExecutor.java:184)
at org.openqa.selenium.remote.service.DriverCommandExecutor.invokeExecute(DriverCommandExecutor.java:167)
at org.openqa.selenium.remote.service.DriverCommandExecutor.execute(DriverCommandExecutor.java:142)
at org.openqa.selenium.remote.RemoteWebDriver.execute(RemoteWebDriver.java:543)
at org.openqa.selenium.remote.ElementLocation$ElementFinder$2.findElement(ElementLocation.java:162)
at org.openqa.selenium.remote.ElementLocation.findElement(ElementLocation.java:60)
at org.openqa.selenium.remote.RemoteWebDriver.findElement(RemoteWebDriver.java:352)
at org.openqa.selenium.remote.RemoteWebDriver.findElement(RemoteWebDriver.java:344)
at org.openqa.selenium.support.pagefactory.DefaultElementLocator.findElement(DefaultElementLocator.java:70)
at org.openqa.selenium.support.pagefactory.internal.LocatingElementHandler.invoke(LocatingElementHandler.java:39)
at jdk.proxy2/jdk.proxy2.$Proxy15.click(Unknown Source)
at com.intend.pages.ModifyCartPage.clickOnCartTrashBin(ModifyCartPage.java:19)
at com.intend.tests.ModifyCartTests.modifyItemInCart(ModifyCartTests.java:19)
at java.base/java.util.ArrayList.forEach(ArrayList.java:1511)
at com.intellij.rt.testng.IDEARemoteTestNG.run(IDEARemoteTestNG.java:66)
at com.intellij.rt.testng.RemoteTestNGStarter.main(RemoteTestNGStarter.java:109)
... Removed 25 stack frames]]>
    </failure>
  </testcase> <!-- modifyItemInCart -->
</testsuite> <!-- ModifyItemsInCart -->
