<?xml version="1.0" encoding="UTF-8"?>
<testng-results ignored="0" total="3" passed="3" failed="0" skipped="0">
  <reporter-output>
  </reporter-output>
  <suite started-at="2023-03-07T22:47:57 EET" name="AllTests" finished-at="2023-03-07T22:48:17 EET" duration-ms="19926">
    <groups>
    </groups>
    <test started-at="2023-03-07T22:47:57 EET" name="SearchBox" finished-at="2023-03-07T22:48:04 EET" duration-ms="7352">
      <class name="com.intend.tests.HomepageSearchTests">
        <test-method is-config="true" signature="setUp()[pri:0, instance:com.intend.tests.HomepageSearchTests@3bd40a57]" started-at="2023-03-07T22:47:57 EET" name="setUp" finished-at="2023-03-07T22:47:57 EET" duration-ms="11" status="PASS">
          <reporter-output>
          </reporter-output>
        </test-method> <!-- setUp -->
        <test-method signature="SeachBoxInput(java.lang.String)[pri:0, instance:com.intend.tests.HomepageSearchTests@3bd40a57]" started-at="2023-03-07T22:47:57 EET" name="SeachBoxInput" finished-at="2023-03-07T22:48:04 EET" duration-ms="7287" status="PASS">
          <params>
            <param index="0">
              <value>
                <![CDATA[intel core]]>
              </value>
            </param>
          </params>
          <reporter-output>
          </reporter-output>
        </test-method> <!-- SeachBoxInput -->
        <test-method is-config="true" signature="tearDown()[pri:0, instance:com.intend.tests.HomepageSearchTests@3bd40a57]" started-at="2023-03-07T22:48:04 EET" name="tearDown" finished-at="2023-03-07T22:48:04 EET" duration-ms="1" status="PASS">
          <reporter-output>
          </reporter-output>
        </test-method> <!-- tearDown -->
      </class> <!-- com.intend.tests.HomepageSearchTests -->
    </test> <!-- SearchBox -->
    <test started-at="2023-03-07T22:48:04 EET" name="FilterResults" finished-at="2023-03-07T22:48:12 EET" duration-ms="7167">
      <class name="com.intend.tests.FilteredSearchTests">
        <test-method is-config="true" signature="setUp()[pri:0, instance:com.intend.tests.FilteredSearchTests@6b26e945]" started-at="2023-03-07T22:48:04 EET" name="setUp" finished-at="2023-03-07T22:48:04 EET" duration-ms="1" status="PASS">
          <reporter-output>
          </reporter-output>
        </test-method> <!-- setUp -->
        <test-method signature="filterSearchResults()[pri:0, instance:com.intend.tests.FilteredSearchTests@6b26e945]" started-at="2023-03-07T22:48:04 EET" name="filterSearchResults" finished-at="2023-03-07T22:48:12 EET" duration-ms="7163" status="PASS">
          <reporter-output>
          </reporter-output>
        </test-method> <!-- filterSearchResults -->
        <test-method is-config="true" signature="tearDown()[pri:0, instance:com.intend.tests.FilteredSearchTests@6b26e945]" started-at="2023-03-07T22:48:12 EET" name="tearDown" finished-at="2023-03-07T22:48:12 EET" duration-ms="0" status="PASS">
          <reporter-output>
          </reporter-output>
        </test-method> <!-- tearDown -->
      </class> <!-- com.intend.tests.FilteredSearchTests -->
    </test> <!-- FilterResults -->
    <test started-at="2023-03-07T22:48:12 EET" name="AddToCart" finished-at="2023-03-07T22:48:17 EET" duration-ms="5349">
      <class name="com.intend.tests.AddToCartTests">
        <test-method is-config="true" signature="setUp()[pri:0, instance:com.intend.tests.AddToCartTests@3c9d0b9d]" started-at="2023-03-07T22:48:12 EET" name="setUp" finished-at="2023-03-07T22:48:12 EET" duration-ms="1" status="PASS">
          <reporter-output>
          </reporter-output>
        </test-method> <!-- setUp -->
        <test-method signature="addItemsToCart()[pri:0, instance:com.intend.tests.AddToCartTests@3c9d0b9d]" started-at="2023-03-07T22:48:12 EET" name="addItemsToCart" finished-at="2023-03-07T22:48:17 EET" duration-ms="5347" status="PASS">
          <reporter-output>
          </reporter-output>
        </test-method> <!-- addItemsToCart -->
        <test-method is-config="true" signature="tearDown()[pri:0, instance:com.intend.tests.AddToCartTests@3c9d0b9d]" started-at="2023-03-07T22:48:17 EET" name="tearDown" finished-at="2023-03-07T22:48:17 EET" duration-ms="0" status="PASS">
          <reporter-output>
          </reporter-output>
        </test-method> <!-- tearDown -->
      </class> <!-- com.intend.tests.AddToCartTests -->
    </test> <!-- AddToCart -->
  </suite> <!-- AllTests -->
</testng-results>
